{"timestamp":"2026-05-12 01:17:07","event":"url_defaults_set","school_slug":"defaultschool","defaults":{"school":"defaultschool"},"uri":"\/login"}
{"timestamp":"2026-05-12 01:17:07","event":"request_start","host":"localhost","uri":"\/login","session_school_id":null,"user_id":null,"user_role":null}
{"timestamp":"2026-05-12 01:17:07","event":"response_ready","status":200,"uri":"\/login"}
{"timestamp":"2026-05-12 01:18:41","event":"url_defaults_set","school_slug":"defaultschool","defaults":{"school":"defaultschool"},"uri":"\/login"}
{"timestamp":"2026-05-12 01:18:41","event":"request_start","host":"localhost","uri":"\/login","session_school_id":null,"user_id":null,"user_role":null}
{"timestamp":"2026-05-12 01:18:41","event":"response_ready","status":200,"uri":"\/login"}
{"timestamp":"2026-05-12 01:18:55","event":"url_defaults_set","school_slug":"bangrak","defaults":{"school":"bangrak"},"uri":"\/login"}
{"timestamp":"2026-05-12 01:18:55","event":"request_start","host":"bangrak.localhost","uri":"\/login","session_school_id":null,"user_id":null,"user_role":null}
{"timestamp":"2026-05-12 01:18:55","event":"response_ready","status":200,"uri":"\/login"}
{"timestamp":"2026-05-12 01:19:10","event":"url_defaults_set","school_slug":"defaultschool","defaults":{"school":"defaultschool"},"uri":"\/login"}
{"timestamp":"2026-05-12 01:19:10","event":"request_start","host":"localhost","uri":"\/login","session_school_id":null,"user_id":null,"user_role":null}
{"timestamp":"2026-05-12 01:19:10","event":"response_ready","status":200,"uri":"\/login"}
{"timestamp":"2026-05-12 01:21:03","event":"url_defaults_set","school_slug":"defaultschool","defaults":{"school":"defaultschool"},"uri":"\/test-url"}
{"timestamp":"2026-05-12 01:21:03","event":"request_start","host":"localhost","uri":"\/test-url","session_school_id":null,"user_id":null,"user_role":null}
{"timestamp":"2026-05-12 01:21:03","event":"response_ready","status":200,"uri":"\/test-url"}
{"timestamp":"2026-05-12 01:21:03","event":"url_defaults_set","school_slug":"bangrak","defaults":{"school":"bangrak"},"uri":"\/test-url"}
{"timestamp":"2026-05-12 01:21:03","event":"request_start","host":"bangrak.localhost","uri":"\/test-url","session_school_id":null,"user_id":null,"user_role":null}
{"timestamp":"2026-05-12 01:21:03","event":"response_ready","status":200,"uri":"\/test-url"}
{"timestamp":"2026-05-12 01:27:54","event":"url_defaults_set","school_slug":"defaultschool","defaults":{"school":"defaultschool"},"uri":"\/login"}
{"timestamp":"2026-05-12 01:27:54","event":"request_start","host":"localhost","uri":"\/login","session_school_id":null,"user_id":null,"user_role":null}
{"timestamp":"2026-05-12 01:27:54","event":"response_ready","status":200,"uri":"\/login"}
{"timestamp":"2026-05-12 01:28:04","event":"url_defaults_set","school_slug":"defaultschool","defaults":{"school":"defaultschool"},"uri":"\/login"}
{"timestamp":"2026-05-12 01:28:04","event":"request_start","host":"localhost","uri":"\/login","session_school_id":null,"user_id":null,"user_role":null}
{"timestamp":"2026-05-12 01:28:04","event":"response_ready","status":200,"uri":"\/login"}
{"timestamp":"2026-05-12 01:28:13","event":"url_defaults_set","school_slug":"defaultschool","defaults":{"school":"defaultschool"},"uri":"\/login"}
{"timestamp":"2026-05-12 01:28:13","event":"request_start","host":"localhost","uri":"\/login","session_school_id":null,"user_id":null,"user_role":null}
{"timestamp":"2026-05-12 01:28:13","event":"response_ready","status":200,"uri":"\/login"}
{"timestamp":"2026-05-12 01:29:08","event":"url_defaults_set","school_slug":"defaultschool","defaults":{"school":"defaultschool"},"uri":"\/login"}
{"timestamp":"2026-05-12 01:29:08","event":"request_start","host":"localhost","uri":"\/login","session_school_id":null,"user_id":null,"user_role":null}
{"timestamp":"2026-05-12 01:29:08","event":"response_ready","status":200,"uri":"\/login"}
{"timestamp":"2026-05-12 01:29:18","event":"url_defaults_set","school_slug":"defaultschool","defaults":{"school":"defaultschool"},"uri":"\/login"}
{"timestamp":"2026-05-12 01:29:18","event":"request_start","host":"localhost","uri":"\/login","session_school_id":null,"user_id":null,"user_role":null}
{"timestamp":"2026-05-12 01:29:18","event":"response_ready","status":200,"uri":"\/login"}
{"timestamp":"2026-05-12 01:29:35","event":"url_defaults_set","school_slug":"defaultschool","defaults":{"school":"defaultschool"},"uri":"\/login"}
{"timestamp":"2026-05-12 01:29:35","event":"request_start","host":"localhost","uri":"\/login","session_school_id":null,"user_id":null,"user_role":null}
{"timestamp":"2026-05-12 01:29:35","event":"response_ready","status":200,"uri":"\/login"}
{"timestamp":"2026-05-12 01:30:35","event":"url_defaults_set","school_slug":"defaultschool","defaults":{"school":"defaultschool"},"uri":"\/login"}
{"timestamp":"2026-05-12 01:30:35","event":"request_start","host":"localhost","uri":"\/login","session_school_id":null,"user_id":null,"user_role":null}
{"timestamp":"2026-05-12 01:30:35","event":"response_ready","status":200,"uri":"\/login"}
{"timestamp":"2026-05-12 01:31:07","event":"url_defaults_set","school_slug":"defaultschool","defaults":{"school":"defaultschool"},"uri":"\/login"}
{"timestamp":"2026-05-12 01:31:07","event":"request_start","host":"localhost","uri":"\/login","session_school_id":null,"user_id":null,"user_role":null}
{"timestamp":"2026-05-12 01:31:07","event":"response_ready","status":200,"uri":"\/login"}
{"timestamp":"2026-05-12 01:32:22","event":"url_defaults_set","school_slug":"defaultschool","defaults":{"school":"defaultschool"},"uri":"\/login"}
{"timestamp":"2026-05-12 01:32:22","event":"request_start","host":"localhost","uri":"\/login","session_school_id":null,"user_id":null,"user_role":null}
{"timestamp":"2026-05-12 01:32:22","event":"response_ready","status":200,"uri":"\/login"}
{"timestamp":"2026-05-12 01:32:35","event":"url_defaults_set","school_slug":"defaultschool","defaults":{"school":"defaultschool"},"uri":"\/login"}
{"timestamp":"2026-05-12 01:32:35","event":"request_start","host":"localhost","uri":"\/login","session_school_id":null,"user_id":null,"user_role":null}
{"timestamp":"2026-05-12 01:32:35","event":"response_ready","status":200,"uri":"\/login"}
{"timestamp":"2026-05-12 01:32:35","event":"url_defaults_set","school_slug":"defaultschool","defaults":{"school":"defaultschool"},"uri":"\/login"}
{"timestamp":"2026-05-12 01:32:35","event":"request_start","host":"localhost","uri":"\/login","session_school_id":null,"user_id":null,"user_role":null}
{"timestamp":"2026-05-12 01:32:35","event":"response_ready","status":302,"uri":"\/login"}
{"timestamp":"2026-05-12 01:33:39","event":"url_defaults_set","school_slug":"bangrak","defaults":{"school":"bangrak"},"uri":"\/login"}
{"timestamp":"2026-05-12 01:33:39","event":"request_start","host":"bangrak.localhost","uri":"\/login","session_school_id":2,"user_id":3,"user_role":"teacher"}
{"timestamp":"2026-05-12 01:33:39","event":"response_ready","status":200,"uri":"\/login"}
{"timestamp":"2026-05-12 01:33:42","event":"url_defaults_set","school_slug":"bangrak","defaults":{"school":"bangrak"},"uri":"\/logout"}
{"timestamp":"2026-05-12 01:33:42","event":"request_start","host":"bangrak.localhost","uri":"\/logout","session_school_id":2,"user_id":3,"user_role":"teacher"}
{"timestamp":"2026-05-12 01:33:42","event":"response_ready","status":302,"uri":"\/logout"}
{"timestamp":"2026-05-12 01:33:42","event":"url_defaults_set","school_slug":"bangrak","defaults":{"school":"bangrak"},"uri":"\/login"}
{"timestamp":"2026-05-12 01:33:42","event":"request_start","host":"bangrak.localhost","uri":"\/login","session_school_id":null,"user_id":null,"user_role":null}
{"timestamp":"2026-05-12 01:33:42","event":"response_ready","status":200,"uri":"\/login"}
{"timestamp":"2026-05-12 01:34:03","event":"url_defaults_set","school_slug":"bangrak","defaults":{"school":"bangrak"},"uri":"\/login"}
{"timestamp":"2026-05-12 01:34:03","event":"request_start","host":"bangrak.localhost","uri":"\/login","session_school_id":null,"user_id":null,"user_role":null}
{"timestamp":"2026-05-12 01:34:04","event":"response_ready","status":302,"uri":"\/login"}
{"timestamp":"2026-05-12 01:34:04","event":"url_defaults_set","school_slug":"bangrak","defaults":{"school":"bangrak"},"uri":"\/login"}
{"timestamp":"2026-05-12 01:34:04","event":"request_start","host":"bangrak.localhost","uri":"\/login","session_school_id":null,"user_id":null,"user_role":null}
{"timestamp":"2026-05-12 01:34:04","event":"response_ready","status":200,"uri":"\/login"}
{"timestamp":"2026-05-12 01:34:12","event":"url_defaults_set","school_slug":"bangrak","defaults":{"school":"bangrak"},"uri":"\/login"}
{"timestamp":"2026-05-12 01:34:12","event":"request_start","host":"bangrak.localhost","uri":"\/login","session_school_id":null,"user_id":null,"user_role":null}
{"timestamp":"2026-05-12 01:34:12","event":"response_ready","status":302,"uri":"\/login"}
{"timestamp":"2026-05-12 01:34:12","event":"url_defaults_set","school_slug":"bangrak","defaults":{"school":"bangrak"},"uri":"\/login"}
{"timestamp":"2026-05-12 01:34:12","event":"request_start","host":"bangrak.localhost","uri":"\/login","session_school_id":null,"user_id":null,"user_role":null}
{"timestamp":"2026-05-12 01:34:12","event":"response_ready","status":200,"uri":"\/login"}
{"timestamp":"2026-05-12 01:34:34","event":"url_defaults_set","school_slug":"bangrak","defaults":{"school":"bangrak"},"uri":"\/login"}
{"timestamp":"2026-05-12 01:34:34","event":"request_start","host":"bangrak.localhost","uri":"\/login","session_school_id":null,"user_id":null,"user_role":null}
{"timestamp":"2026-05-12 01:34:34","event":"response_ready","status":302,"uri":"\/login"}
{"timestamp":"2026-05-12 01:34:34","event":"url_defaults_set","school_slug":"bangrak","defaults":{"school":"bangrak"},"uri":"\/login"}
{"timestamp":"2026-05-12 01:34:34","event":"request_start","host":"bangrak.localhost","uri":"\/login","session_school_id":null,"user_id":null,"user_role":null}
{"timestamp":"2026-05-12 01:34:34","event":"response_ready","status":200,"uri":"\/login"}
{"timestamp":"2026-05-12 01:34:54","event":"url_defaults_set","school_slug":"bangrak","defaults":{"school":"bangrak"},"uri":"\/login"}
{"timestamp":"2026-05-12 01:34:54","event":"request_start","host":"bangrak.localhost","uri":"\/login","session_school_id":null,"user_id":null,"user_role":null}
{"timestamp":"2026-05-12 01:34:55","event":"response_ready","status":302,"uri":"\/login"}
{"timestamp":"2026-05-12 01:34:55","event":"url_defaults_set","school_slug":"bangrak","defaults":{"school":"bangrak"},"uri":"\/login"}
{"timestamp":"2026-05-12 01:34:55","event":"request_start","host":"bangrak.localhost","uri":"\/login","session_school_id":null,"user_id":null,"user_role":null}
{"timestamp":"2026-05-12 01:34:55","event":"response_ready","status":200,"uri":"\/login"}
{"timestamp":"2026-05-12 01:35:05","event":"url_defaults_set","school_slug":"bangrak","defaults":{"school":"bangrak"},"uri":"\/login"}
{"timestamp":"2026-05-12 01:35:05","event":"request_start","host":"bangrak.localhost","uri":"\/login","session_school_id":null,"user_id":null,"user_role":null}
{"timestamp":"2026-05-12 01:35:05","event":"response_ready","status":302,"uri":"\/login"}
{"timestamp":"2026-05-12 01:35:05","event":"url_defaults_set","school_slug":"bangrak","defaults":{"school":"bangrak"},"uri":"\/login"}
{"timestamp":"2026-05-12 01:35:05","event":"request_start","host":"bangrak.localhost","uri":"\/login","session_school_id":null,"user_id":null,"user_role":null}
{"timestamp":"2026-05-12 01:35:05","event":"response_ready","status":200,"uri":"\/login"}
{"timestamp":"2026-05-12 01:42:17","event":"url_defaults_set","school_slug":"defaultschool","defaults":{"school":"defaultschool"},"uri":"\/login"}
{"timestamp":"2026-05-12 01:42:17","event":"request_start","host":"localhost","uri":"\/login","session_school_id":null,"user_id":null,"user_role":null}
{"timestamp":"2026-05-12 01:42:17","event":"response_ready","status":200,"uri":"\/login"}
{"timestamp":"2026-05-12 01:43:31","event":"url_defaults_set","school_slug":"defaultschool","defaults":{"school":"defaultschool"},"uri":"\/login"}
{"timestamp":"2026-05-12 01:43:31","event":"request_start","host":"localhost","uri":"\/login","session_school_id":null,"user_id":null,"user_role":null}
{"timestamp":"2026-05-12 01:43:31","event":"response_ready","status":200,"uri":"\/login"}
{"timestamp":"2026-05-12 01:43:31","event":"url_defaults_set","school_slug":"defaultschool","defaults":{"school":"defaultschool"},"uri":"\/login"}
{"timestamp":"2026-05-12 01:43:31","event":"request_start","host":"localhost","uri":"\/login","session_school_id":null,"user_id":null,"user_role":null}
{"timestamp":"2026-05-12 01:43:31","event":"response_ready","status":302,"uri":"\/login"}
{"timestamp":"2026-05-12 01:46:49","event":"url_defaults_set","school_slug":"defaultschool","defaults":{"school":"defaultschool"},"uri":"\/login","session_id":"26NAQGBarZmVB39llEc7vrPB3abrARhJ1i9Lmib6","session_school_id":null,"session_user_id":null}
{"timestamp":"2026-05-12 01:46:49","event":"request_start","host":"localhost","uri":"\/login","session_school_id":null,"user_id":null,"user_role":null}
{"timestamp":"2026-05-12 01:46:49","event":"response_ready","status":200,"uri":"\/login"}
{"timestamp":"2026-05-12 01:46:56","event":"url_defaults_set","school_slug":"defaultschool","defaults":{"school":"defaultschool"},"uri":"\/login","session_id":"h1wvHYut2ArOpUYFxoAFH9IJNXZNibNuPPhGbXQ2","session_school_id":null,"session_user_id":null}
{"timestamp":"2026-05-12 01:46:56","event":"request_start","host":"localhost","uri":"\/login","session_school_id":null,"user_id":null,"user_role":null}
{"timestamp":"2026-05-12 01:46:56","event":"response_ready","status":200,"uri":"\/login"}
{"timestamp":"2026-05-12 01:46:56","event":"url_defaults_set","school_slug":"defaultschool","defaults":{"school":"defaultschool"},"uri":"\/login","session_id":"h1wvHYut2ArOpUYFxoAFH9IJNXZNibNuPPhGbXQ2","session_school_id":null,"session_user_id":null}
{"timestamp":"2026-05-12 01:46:56","event":"request_start","host":"localhost","uri":"\/login","session_school_id":null,"user_id":null,"user_role":null}
{"timestamp":"2026-05-12 01:46:56","event":"response_ready","status":302,"uri":"\/login"}
{"timestamp":"2026-05-12 01:47:49","event":"resolve_school_start","host":"localhost","uri":"\/login","session_id":"ggls11SCcDvdzPC5f41NmbwO60EwtdVd6ujp3mIm","db_connection_before":"mysql","session_user_id":null}
{"timestamp":"2026-05-12 01:47:49","event":"resolve_school_after_db_switch","host":"localhost","uri":"\/login","session_id_before":"ggls11SCcDvdzPC5f41NmbwO60EwtdVd6ujp3mIm","session_id_after":"ggls11SCcDvdzPC5f41NmbwO60EwtdVd6ujp3mIm","db_connection_after":"mysql","session_user_id":null,"db_switched":false,"school_db_name":null}
{"timestamp":"2026-05-12 01:47:49","event":"url_defaults_set","school_slug":"defaultschool","defaults":{"school":"defaultschool"},"uri":"\/login","session_id":"ggls11SCcDvdzPC5f41NmbwO60EwtdVd6ujp3mIm","session_school_id":null,"session_user_id":null}
{"timestamp":"2026-05-12 01:47:49","event":"request_start","host":"localhost","uri":"\/login","session_school_id":null,"user_id":null,"user_role":null}
{"timestamp":"2026-05-12 01:47:49","event":"response_ready","status":200,"uri":"\/login"}
{"timestamp":"2026-05-12 01:47:56","event":"resolve_school_start","host":"localhost","uri":"\/login","session_id":"U9DVRoFqZHSlboLrhOzZbFChw8ykInP5jr8E0PgN","db_connection_before":"mysql","session_user_id":null}
{"timestamp":"2026-05-12 01:47:56","event":"resolve_school_after_db_switch","host":"localhost","uri":"\/login","session_id_before":"U9DVRoFqZHSlboLrhOzZbFChw8ykInP5jr8E0PgN","session_id_after":"U9DVRoFqZHSlboLrhOzZbFChw8ykInP5jr8E0PgN","db_connection_after":"mysql","session_user_id":null,"db_switched":false,"school_db_name":null}
{"timestamp":"2026-05-12 01:47:56","event":"url_defaults_set","school_slug":"defaultschool","defaults":{"school":"defaultschool"},"uri":"\/login","session_id":"U9DVRoFqZHSlboLrhOzZbFChw8ykInP5jr8E0PgN","session_school_id":null,"session_user_id":null}
{"timestamp":"2026-05-12 01:47:56","event":"request_start","host":"localhost","uri":"\/login","session_school_id":null,"user_id":null,"user_role":null}
{"timestamp":"2026-05-12 01:47:56","event":"response_ready","status":200,"uri":"\/login"}
{"timestamp":"2026-05-12 01:47:56","event":"resolve_school_start","host":"localhost","uri":"\/login","session_id":"U9DVRoFqZHSlboLrhOzZbFChw8ykInP5jr8E0PgN","db_connection_before":"mysql","session_user_id":null}
{"timestamp":"2026-05-12 01:47:56","event":"resolve_school_after_db_switch","host":"localhost","uri":"\/login","session_id_before":"U9DVRoFqZHSlboLrhOzZbFChw8ykInP5jr8E0PgN","session_id_after":"U9DVRoFqZHSlboLrhOzZbFChw8ykInP5jr8E0PgN","db_connection_after":"mysql","session_user_id":null,"db_switched":false,"school_db_name":null}
{"timestamp":"2026-05-12 01:47:56","event":"url_defaults_set","school_slug":"defaultschool","defaults":{"school":"defaultschool"},"uri":"\/login","session_id":"U9DVRoFqZHSlboLrhOzZbFChw8ykInP5jr8E0PgN","session_school_id":null,"session_user_id":null}
{"timestamp":"2026-05-12 01:47:56","event":"request_start","host":"localhost","uri":"\/login","session_school_id":null,"user_id":null,"user_role":null}
{"timestamp":"2026-05-12 01:47:56","event":"response_ready","status":302,"uri":"\/login"}
{"timestamp":"2026-05-12 01:49:26","event":"resolve_school_start","host":"localhost","uri":"\/login","session_id":"a79WtWIKMMaTIeUrd49YMzC25kfuxBwQc31GI38Y","db_connection_before":"mysql","session_user_id":null}
{"timestamp":"2026-05-12 01:49:26","event":"resolve_school_after_db_switch","host":"localhost","uri":"\/login","session_id_before":"a79WtWIKMMaTIeUrd49YMzC25kfuxBwQc31GI38Y","session_id_after":"a79WtWIKMMaTIeUrd49YMzC25kfuxBwQc31GI38Y","db_connection_after":"mysql","session_user_id":null,"db_switched":false,"school_db_name":null}
{"timestamp":"2026-05-12 01:49:26","event":"url_defaults_set","school_slug":"defaultschool","defaults":{"school":"defaultschool"},"uri":"\/login","session_id":"a79WtWIKMMaTIeUrd49YMzC25kfuxBwQc31GI38Y","session_school_id":null,"session_user_id":null}
{"timestamp":"2026-05-12 01:49:26","event":"request_start","host":"localhost","uri":"\/login","session_school_id":null,"user_id":null,"user_role":null}
{"timestamp":"2026-05-12 01:49:26","event":"response_ready","status":200,"uri":"\/login"}
{"timestamp":"2026-05-12 01:49:26","event":"resolve_school_start","host":"localhost","uri":"\/login","session_id":"a79WtWIKMMaTIeUrd49YMzC25kfuxBwQc31GI38Y","db_connection_before":"mysql","session_user_id":null}
{"timestamp":"2026-05-12 01:49:26","event":"resolve_school_after_db_switch","host":"localhost","uri":"\/login","session_id_before":"a79WtWIKMMaTIeUrd49YMzC25kfuxBwQc31GI38Y","session_id_after":"a79WtWIKMMaTIeUrd49YMzC25kfuxBwQc31GI38Y","db_connection_after":"mysql","session_user_id":null,"db_switched":false,"school_db_name":null}
{"timestamp":"2026-05-12 01:49:26","event":"url_defaults_set","school_slug":"defaultschool","defaults":{"school":"defaultschool"},"uri":"\/login","session_id":"a79WtWIKMMaTIeUrd49YMzC25kfuxBwQc31GI38Y","session_school_id":null,"session_user_id":null}
{"timestamp":"2026-05-12 01:49:26","event":"request_start","host":"localhost","uri":"\/login","session_school_id":null,"user_id":null,"user_role":null}
{"timestamp":"2026-05-12 01:49:26","event":"response_ready","status":302,"uri":"\/login"}
{"timestamp":"2026-05-12 01:49:26","event":"resolve_school_start","host":"localhost","uri":"\/admin\/dashboard","session_id":"zABocBT1bLCj1A4i3eNTqkjalQ1pPSe4QB5of9gz","db_connection_before":"mysql","session_user_id":null}
{"timestamp":"2026-05-12 01:49:26","event":"resolve_school_after_db_switch","host":"localhost","uri":"\/admin\/dashboard","session_id_before":"zABocBT1bLCj1A4i3eNTqkjalQ1pPSe4QB5of9gz","session_id_after":"zABocBT1bLCj1A4i3eNTqkjalQ1pPSe4QB5of9gz","db_connection_after":"mysql","session_user_id":null,"db_switched":false,"school_db_name":null}
{"timestamp":"2026-05-12 01:49:26","event":"url_defaults_set","school_slug":"defaultschool","defaults":{"school":"defaultschool"},"uri":"\/admin\/dashboard","session_id":"zABocBT1bLCj1A4i3eNTqkjalQ1pPSe4QB5of9gz","session_school_id":null,"session_user_id":null}
{"timestamp":"2026-05-12 01:49:26","event":"request_start","host":"localhost","uri":"\/admin\/dashboard","session_school_id":null,"user_id":1,"user_role":"admin"}
{"timestamp":"2026-05-12 01:49:26","event":"response_ready","status":200,"uri":"\/admin\/dashboard"}
{"timestamp":"2026-05-12 01:52:17","event":"resolve_school_start","host":"localhost","uri":"\/login","session_id":"fUDSRMdU7CWGK6GsworxuDhOVKI9Ceh5lSuaMQuV","db_connection_before":"mysql","session_user_id":null}
{"timestamp":"2026-05-12 01:52:17","event":"resolve_school_after_db_switch","host":"localhost","uri":"\/login","session_id_before":"fUDSRMdU7CWGK6GsworxuDhOVKI9Ceh5lSuaMQuV","session_id_after":"fUDSRMdU7CWGK6GsworxuDhOVKI9Ceh5lSuaMQuV","db_connection_after":"mysql","session_user_id":null,"db_switched":false,"school_db_name":null}
{"timestamp":"2026-05-12 01:52:17","event":"url_defaults_set","school_slug":"defaultschool","defaults":{"school":"defaultschool"},"uri":"\/login","session_id":"fUDSRMdU7CWGK6GsworxuDhOVKI9Ceh5lSuaMQuV","session_school_id":null,"session_user_id":null}
{"timestamp":"2026-05-12 01:52:17","event":"request_start","host":"localhost","uri":"\/login","session_school_id":null,"user_id":null,"user_role":null}
{"timestamp":"2026-05-12 01:52:17","event":"response_ready","status":200,"uri":"\/login"}
{"timestamp":"2026-05-12 01:52:17","event":"resolve_school_start","host":"localhost","uri":"\/login","session_id":"fUDSRMdU7CWGK6GsworxuDhOVKI9Ceh5lSuaMQuV","db_connection_before":"mysql","session_user_id":null}
{"timestamp":"2026-05-12 01:52:17","event":"resolve_school_after_db_switch","host":"localhost","uri":"\/login","session_id_before":"fUDSRMdU7CWGK6GsworxuDhOVKI9Ceh5lSuaMQuV","session_id_after":"fUDSRMdU7CWGK6GsworxuDhOVKI9Ceh5lSuaMQuV","db_connection_after":"mysql","session_user_id":null,"db_switched":false,"school_db_name":null}
{"timestamp":"2026-05-12 01:52:17","event":"url_defaults_set","school_slug":"defaultschool","defaults":{"school":"defaultschool"},"uri":"\/login","session_id":"fUDSRMdU7CWGK6GsworxuDhOVKI9Ceh5lSuaMQuV","session_school_id":null,"session_user_id":null}
{"timestamp":"2026-05-12 01:52:17","event":"request_start","host":"localhost","uri":"\/login","session_school_id":null,"user_id":null,"user_role":null}
{"timestamp":"2026-05-12 01:52:18","event":"response_ready","status":302,"uri":"\/login"}
{"timestamp":"2026-05-12 01:53:04","event":"resolve_school_start","host":"localhost","uri":"\/login","session_id":"SbGwqAwITKV68aVIdz0RCQf23TwBQXTnCRv8u1WR","db_connection_before":"mysql","session_user_id":null}
{"timestamp":"2026-05-12 01:53:04","event":"resolve_school_after_db_switch","host":"localhost","uri":"\/login","session_id_before":"SbGwqAwITKV68aVIdz0RCQf23TwBQXTnCRv8u1WR","session_id_after":"SbGwqAwITKV68aVIdz0RCQf23TwBQXTnCRv8u1WR","db_connection_after":"mysql","session_user_id":null,"db_switched":false,"school_db_name":null}
{"timestamp":"2026-05-12 01:53:04","event":"url_defaults_set","school_slug":"defaultschool","defaults":{"school":"defaultschool"},"uri":"\/login","session_id":"SbGwqAwITKV68aVIdz0RCQf23TwBQXTnCRv8u1WR","session_school_id":null,"session_user_id":null}
{"timestamp":"2026-05-12 01:53:04","event":"request_start","host":"localhost","uri":"\/login","session_school_id":null,"user_id":null,"user_role":null}
{"timestamp":"2026-05-12 01:53:04","event":"response_ready","status":200,"uri":"\/login"}
{"timestamp":"2026-05-12 01:53:04","event":"resolve_school_start","host":"localhost","uri":"\/login","session_id":"SbGwqAwITKV68aVIdz0RCQf23TwBQXTnCRv8u1WR","db_connection_before":"mysql","session_user_id":null}
{"timestamp":"2026-05-12 01:53:04","event":"resolve_school_after_db_switch","host":"localhost","uri":"\/login","session_id_before":"SbGwqAwITKV68aVIdz0RCQf23TwBQXTnCRv8u1WR","session_id_after":"SbGwqAwITKV68aVIdz0RCQf23TwBQXTnCRv8u1WR","db_connection_after":"mysql","session_user_id":null,"db_switched":false,"school_db_name":null}
{"timestamp":"2026-05-12 01:53:04","event":"url_defaults_set","school_slug":"defaultschool","defaults":{"school":"defaultschool"},"uri":"\/login","session_id":"SbGwqAwITKV68aVIdz0RCQf23TwBQXTnCRv8u1WR","session_school_id":null,"session_user_id":null}
{"timestamp":"2026-05-12 01:53:04","event":"request_start","host":"localhost","uri":"\/login","session_school_id":null,"user_id":null,"user_role":null}
{"timestamp":"2026-05-12 01:53:05","event":"response_ready","status":302,"uri":"\/login"}
{"timestamp":"2026-05-12 01:54:20","event":"debug_auth_session","uri":"\/login","session_id":"oNXwgZ5A5Dm6FkrR20JJvy981DmrM0YUVPf8SrKj","db_connection":"mysql","raw_session_found":false,"raw_user_id":null,"session_user_id":null,"auth_check":null,"auth_check_role":null}
{"timestamp":"2026-05-12 01:54:20","event":"resolve_school_start","host":"localhost","uri":"\/login","session_id":"oNXwgZ5A5Dm6FkrR20JJvy981DmrM0YUVPf8SrKj","db_connection_before":"mysql","session_user_id":null}
{"timestamp":"2026-05-12 01:54:20","event":"resolve_school_after_db_switch","host":"localhost","uri":"\/login","session_id_before":"oNXwgZ5A5Dm6FkrR20JJvy981DmrM0YUVPf8SrKj","session_id_after":"oNXwgZ5A5Dm6FkrR20JJvy981DmrM0YUVPf8SrKj","db_connection_after":"mysql","session_user_id":null,"db_switched":false,"school_db_name":null}
{"timestamp":"2026-05-12 01:54:20","event":"url_defaults_set","school_slug":"defaultschool","defaults":{"school":"defaultschool"},"uri":"\/login","session_id":"oNXwgZ5A5Dm6FkrR20JJvy981DmrM0YUVPf8SrKj","session_school_id":null,"session_user_id":null}
{"timestamp":"2026-05-12 01:54:20","event":"request_start","host":"localhost","uri":"\/login","session_school_id":null,"user_id":null,"user_role":null}
{"timestamp":"2026-05-12 01:54:20","event":"response_ready","status":200,"uri":"\/login"}
{"timestamp":"2026-05-12 01:54:20","event":"debug_auth_session","uri":"\/login","session_id":"oNXwgZ5A5Dm6FkrR20JJvy981DmrM0YUVPf8SrKj","db_connection":"mysql","raw_session_found":true,"raw_user_id":null,"session_user_id":null,"auth_check":null,"auth_check_role":null}
{"timestamp":"2026-05-12 01:54:20","event":"resolve_school_start","host":"localhost","uri":"\/login","session_id":"oNXwgZ5A5Dm6FkrR20JJvy981DmrM0YUVPf8SrKj","db_connection_before":"mysql","session_user_id":null}
{"timestamp":"2026-05-12 01:54:20","event":"resolve_school_after_db_switch","host":"localhost","uri":"\/login","session_id_before":"oNXwgZ5A5Dm6FkrR20JJvy981DmrM0YUVPf8SrKj","session_id_after":"oNXwgZ5A5Dm6FkrR20JJvy981DmrM0YUVPf8SrKj","db_connection_after":"mysql","session_user_id":null,"db_switched":false,"school_db_name":null}
{"timestamp":"2026-05-12 01:54:20","event":"url_defaults_set","school_slug":"defaultschool","defaults":{"school":"defaultschool"},"uri":"\/login","session_id":"oNXwgZ5A5Dm6FkrR20JJvy981DmrM0YUVPf8SrKj","session_school_id":null,"session_user_id":null}
{"timestamp":"2026-05-12 01:54:20","event":"request_start","host":"localhost","uri":"\/login","session_school_id":null,"user_id":null,"user_role":null}
{"timestamp":"2026-05-12 01:54:20","event":"response_ready","status":302,"uri":"\/login"}
{"timestamp":"2026-05-12 01:55:23","event":"debug_auth_session","uri":"\/login","session_id":"SdO89xo7OdNgnUTUkHo5YoITiCVJzIulR70PgHme","db_connection":"mysql","raw_session_found":false,"raw_user_id":null,"session_user_id":null,"auth_check":null,"auth_check_role":null}
{"timestamp":"2026-05-12 01:55:23","event":"resolve_school_start","host":"localhost","uri":"\/login","session_id":"SdO89xo7OdNgnUTUkHo5YoITiCVJzIulR70PgHme","db_connection_before":"mysql","session_user_id":null}
{"timestamp":"2026-05-12 01:55:23","event":"resolve_school_after_db_switch","host":"localhost","uri":"\/login","session_id_before":"SdO89xo7OdNgnUTUkHo5YoITiCVJzIulR70PgHme","session_id_after":"SdO89xo7OdNgnUTUkHo5YoITiCVJzIulR70PgHme","db_connection_after":"mysql","session_user_id":null,"db_switched":false,"school_db_name":null}
{"timestamp":"2026-05-12 01:55:23","event":"url_defaults_set","school_slug":"defaultschool","defaults":{"school":"defaultschool"},"uri":"\/login","session_id":"SdO89xo7OdNgnUTUkHo5YoITiCVJzIulR70PgHme","session_school_id":null,"session_user_id":null}
{"timestamp":"2026-05-12 01:55:23","event":"request_start","host":"localhost","uri":"\/login","session_school_id":null,"user_id":null,"user_role":null}
{"timestamp":"2026-05-12 01:55:23","event":"response_ready","status":200,"uri":"\/login"}
{"timestamp":"2026-05-12 01:55:23","event":"debug_auth_session","uri":"\/login","session_id":"SdO89xo7OdNgnUTUkHo5YoITiCVJzIulR70PgHme","db_connection":"mysql","raw_session_found":true,"raw_user_id":null,"session_user_id":null,"auth_check":null,"auth_check_role":null}
{"timestamp":"2026-05-12 01:55:23","event":"resolve_school_start","host":"localhost","uri":"\/login","session_id":"SdO89xo7OdNgnUTUkHo5YoITiCVJzIulR70PgHme","db_connection_before":"mysql","session_user_id":null}
{"timestamp":"2026-05-12 01:55:23","event":"resolve_school_after_db_switch","host":"localhost","uri":"\/login","session_id_before":"SdO89xo7OdNgnUTUkHo5YoITiCVJzIulR70PgHme","session_id_after":"SdO89xo7OdNgnUTUkHo5YoITiCVJzIulR70PgHme","db_connection_after":"mysql","session_user_id":null,"db_switched":false,"school_db_name":null}
{"timestamp":"2026-05-12 01:55:23","event":"url_defaults_set","school_slug":"defaultschool","defaults":{"school":"defaultschool"},"uri":"\/login","session_id":"SdO89xo7OdNgnUTUkHo5YoITiCVJzIulR70PgHme","session_school_id":null,"session_user_id":null}
{"timestamp":"2026-05-12 01:55:23","event":"request_start","host":"localhost","uri":"\/login","session_school_id":null,"user_id":null,"user_role":null}
{"timestamp":"2026-05-12 01:55:23","event":"response_ready","status":302,"uri":"\/login"}
{"timestamp":"2026-05-12 01:56:18","event":"debug_auth_session","uri":"\/login","session_id":"9I9O6wfpoTjaxbEwWQAN5b9ISTHjzteOOpP7CnER","db_connection":"mysql","raw_session_found":false,"raw_user_id":null,"session_user_id":null,"auth_check":null,"auth_check_role":null}
{"timestamp":"2026-05-12 01:56:18","event":"resolve_school_start","host":"localhost","uri":"\/login","session_id":"9I9O6wfpoTjaxbEwWQAN5b9ISTHjzteOOpP7CnER","db_connection_before":"mysql","session_user_id":null}
{"timestamp":"2026-05-12 01:56:18","event":"resolve_school_after_db_switch","host":"localhost","uri":"\/login","session_id_before":"9I9O6wfpoTjaxbEwWQAN5b9ISTHjzteOOpP7CnER","session_id_after":"9I9O6wfpoTjaxbEwWQAN5b9ISTHjzteOOpP7CnER","db_connection_after":"mysql","session_user_id":null,"db_switched":false,"school_db_name":null}
{"timestamp":"2026-05-12 01:56:18","event":"url_defaults_set","school_slug":"defaultschool","defaults":{"school":"defaultschool"},"uri":"\/login","session_id":"9I9O6wfpoTjaxbEwWQAN5b9ISTHjzteOOpP7CnER","session_school_id":null,"session_user_id":null}
{"timestamp":"2026-05-12 01:56:18","event":"request_start","host":"localhost","uri":"\/login","session_school_id":null,"user_id":null,"user_role":null}
{"timestamp":"2026-05-12 01:56:18","event":"response_ready","status":200,"uri":"\/login"}
{"timestamp":"2026-05-12 01:56:18","event":"debug_auth_session","uri":"\/login","session_id":"9I9O6wfpoTjaxbEwWQAN5b9ISTHjzteOOpP7CnER","db_connection":"mysql","raw_session_found":true,"raw_user_id":null,"session_user_id":null,"auth_check":null,"auth_check_role":null}
{"timestamp":"2026-05-12 01:56:18","event":"resolve_school_start","host":"localhost","uri":"\/login","session_id":"9I9O6wfpoTjaxbEwWQAN5b9ISTHjzteOOpP7CnER","db_connection_before":"mysql","session_user_id":null}
{"timestamp":"2026-05-12 01:56:18","event":"resolve_school_after_db_switch","host":"localhost","uri":"\/login","session_id_before":"9I9O6wfpoTjaxbEwWQAN5b9ISTHjzteOOpP7CnER","session_id_after":"9I9O6wfpoTjaxbEwWQAN5b9ISTHjzteOOpP7CnER","db_connection_after":"mysql","session_user_id":null,"db_switched":false,"school_db_name":null}
{"timestamp":"2026-05-12 01:56:18","event":"url_defaults_set","school_slug":"defaultschool","defaults":{"school":"defaultschool"},"uri":"\/login","session_id":"9I9O6wfpoTjaxbEwWQAN5b9ISTHjzteOOpP7CnER","session_school_id":null,"session_user_id":null}
{"timestamp":"2026-05-12 01:56:18","event":"request_start","host":"localhost","uri":"\/login","session_school_id":null,"user_id":null,"user_role":null}
{"timestamp":"2026-05-12 01:56:19","event":"response_ready","status":302,"uri":"\/login"}
{"timestamp":"2026-05-12 01:56:19","event":"debug_auth_session","uri":"\/test-url","session_id":"psDRvwE7Ad8aA23PpFBZ1UlQUKh0s0M3n4myVE07","db_connection":"mysql","raw_session_found":true,"raw_user_id":3,"session_user_id":null,"auth_check":3,"auth_check_role":"teacher"}
{"timestamp":"2026-05-12 01:56:19","event":"resolve_school_start","host":"localhost","uri":"\/test-url","session_id":"psDRvwE7Ad8aA23PpFBZ1UlQUKh0s0M3n4myVE07","db_connection_before":"mysql","session_user_id":null}
{"timestamp":"2026-05-12 01:56:19","event":"resolve_school_after_db_switch","host":"localhost","uri":"\/test-url","session_id_before":"psDRvwE7Ad8aA23PpFBZ1UlQUKh0s0M3n4myVE07","session_id_after":"psDRvwE7Ad8aA23PpFBZ1UlQUKh0s0M3n4myVE07","db_connection_after":"mysql","session_user_id":null,"db_switched":false,"school_db_name":null}
{"timestamp":"2026-05-12 01:56:19","event":"url_defaults_set","school_slug":"bangrak","defaults":{"school":"bangrak"},"uri":"\/test-url","session_id":"psDRvwE7Ad8aA23PpFBZ1UlQUKh0s0M3n4myVE07","session_school_id":2,"session_user_id":null}
{"timestamp":"2026-05-12 01:56:19","event":"request_start","host":"localhost","uri":"\/test-url","session_school_id":2,"user_id":3,"user_role":"teacher"}
{"timestamp":"2026-05-12 01:56:19","event":"response_ready","status":200,"uri":"\/test-url"}
{"timestamp":"2026-05-12 01:59:18","event":"debug_auth_session","uri":"\/login","session_id":"otOkR02drnEcoOgLKbyZQzs6TnKHNGPmQ7Z6dmJq","db_connection":"mysql","raw_session_found":false,"raw_user_id":null,"session_user_id":null,"auth_check":null,"auth_check_role":null}
{"timestamp":"2026-05-12 01:59:18","event":"resolve_school_start","host":"localhost","uri":"\/login","session_id":"otOkR02drnEcoOgLKbyZQzs6TnKHNGPmQ7Z6dmJq","db_connection_before":"mysql","session_user_id":null}
{"timestamp":"2026-05-12 01:59:18","event":"resolve_school_after_db_switch","host":"localhost","uri":"\/login","session_id_before":"otOkR02drnEcoOgLKbyZQzs6TnKHNGPmQ7Z6dmJq","session_id_after":"otOkR02drnEcoOgLKbyZQzs6TnKHNGPmQ7Z6dmJq","db_connection_after":"mysql","session_user_id":null,"db_switched":false,"school_db_name":null}
{"timestamp":"2026-05-12 01:59:18","event":"url_defaults_set","school_slug":"defaultschool","defaults":{"school":"defaultschool"},"uri":"\/login","session_id":"otOkR02drnEcoOgLKbyZQzs6TnKHNGPmQ7Z6dmJq","session_school_id":null,"session_user_id":null}
{"timestamp":"2026-05-12 01:59:18","event":"request_start","host":"localhost","uri":"\/login","session_school_id":null,"user_id":null,"user_role":null}
{"timestamp":"2026-05-12 01:59:18","event":"debug_session_save","uri":"\/login","session_id":"otOkR02drnEcoOgLKbyZQzs6TnKHNGPmQ7Z6dmJq","session_has_user":false,"session_data_keys":["_token"],"session_school_id":null,"response_status":200,"db_connection":"mysql"}
{"timestamp":"2026-05-12 01:59:18","event":"response_ready","status":200,"uri":"\/login"}
{"timestamp":"2026-05-12 01:59:18","event":"debug_auth_session","uri":"\/login","session_id":"otOkR02drnEcoOgLKbyZQzs6TnKHNGPmQ7Z6dmJq","db_connection":"mysql","raw_session_found":true,"raw_user_id":null,"session_user_id":null,"auth_check":null,"auth_check_role":null}
{"timestamp":"2026-05-12 01:59:18","event":"resolve_school_start","host":"localhost","uri":"\/login","session_id":"otOkR02drnEcoOgLKbyZQzs6TnKHNGPmQ7Z6dmJq","db_connection_before":"mysql","session_user_id":null}
{"timestamp":"2026-05-12 01:59:18","event":"resolve_school_after_db_switch","host":"localhost","uri":"\/login","session_id_before":"otOkR02drnEcoOgLKbyZQzs6TnKHNGPmQ7Z6dmJq","session_id_after":"otOkR02drnEcoOgLKbyZQzs6TnKHNGPmQ7Z6dmJq","db_connection_after":"mysql","session_user_id":null,"db_switched":false,"school_db_name":null}
{"timestamp":"2026-05-12 01:59:18","event":"url_defaults_set","school_slug":"defaultschool","defaults":{"school":"defaultschool"},"uri":"\/login","session_id":"otOkR02drnEcoOgLKbyZQzs6TnKHNGPmQ7Z6dmJq","session_school_id":null,"session_user_id":null}
{"timestamp":"2026-05-12 01:59:18","event":"request_start","host":"localhost","uri":"\/login","session_school_id":null,"user_id":null,"user_role":null}
{"timestamp":"2026-05-12 01:59:18","event":"debug_session_save","uri":"\/login","session_id":"H6GLgBDSyl2nbgUbDfag7rkjFpENsEAQbypVmMWG","session_has_user":false,"session_data_keys":["_token","_previous","_flash","login_web_59ba36addc2b2f9401580f014c7f58ea4e30989d","school_id"],"session_school_id":2,"response_status":302,"db_connection":"mysql"}
{"timestamp":"2026-05-12 01:59:18","event":"response_ready","status":302,"uri":"\/login"}
{"timestamp":"2026-05-12 02:02:10","event":"debug_auth_session","uri":"\/login","session_id":"w44ejPWipo9gCM5v7XyKYOsbjUmNHHLD1PTh4k2i","db_connection":"mysql","raw_session_found":false,"raw_user_id":null,"session_user_id":null,"auth_check":null,"auth_check_role":null}
{"timestamp":"2026-05-12 02:02:10","event":"request_start","host":"localhost","uri":"\/login","session_school_id":null,"user_id":null,"user_role":null}
{"timestamp":"2026-05-12 02:02:10","event":"debug_session_save","uri":"\/login","session_id":"w44ejPWipo9gCM5v7XyKYOsbjUmNHHLD1PTh4k2i","session_has_user":false,"session_data_keys":["_token"],"session_school_id":null,"response_status":200,"db_connection":"mysql"}
{"timestamp":"2026-05-12 02:02:10","event":"response_ready","status":200,"uri":"\/login"}
{"timestamp":"2026-05-12 02:02:10","event":"debug_auth_session","uri":"\/login","session_id":"w44ejPWipo9gCM5v7XyKYOsbjUmNHHLD1PTh4k2i","db_connection":"mysql","raw_session_found":true,"raw_user_id":null,"session_user_id":null,"auth_check":null,"auth_check_role":null}
{"timestamp":"2026-05-12 02:02:10","event":"request_start","host":"localhost","uri":"\/login","session_school_id":null,"user_id":null,"user_role":null}
{"timestamp":"2026-05-12 02:02:10","event":"url_generation_exception","exception_message":"Missing required parameter for [Route: teacher.dashboard] [URI: teacher\/dashboard] [Missing parameter: school].","uri":"\/login","host":"localhost","session_school_id":2}
{"timestamp":"2026-05-12 02:02:10","event":"debug_session_save","uri":"\/login","session_id":"adqdBfxirx3QtmgufjFRpgeKfp5LAolcScybeDJS","session_has_user":false,"session_data_keys":["_token","_previous","_flash","login_web_59ba36addc2b2f9401580f014c7f58ea4e30989d","school_id"],"session_school_id":2,"response_status":500,"db_connection":"mysql"}
{"timestamp":"2026-05-12 02:02:10","event":"response_ready","status":500,"uri":"\/login"}
{"timestamp":"2026-05-12 02:02:17","event":"debug_auth_session","uri":"\/login","session_id":"CLZBnEOXd6i86wN05yzYATNXbrId8UcmjD4KkcSB","db_connection":"mysql","raw_session_found":false,"raw_user_id":null,"session_user_id":null,"auth_check":null,"auth_check_role":null}
{"timestamp":"2026-05-12 02:02:17","event":"request_start","host":"localhost","uri":"\/login","session_school_id":null,"user_id":null,"user_role":null}
{"timestamp":"2026-05-12 02:02:17","event":"debug_session_save","uri":"\/login","session_id":"CLZBnEOXd6i86wN05yzYATNXbrId8UcmjD4KkcSB","session_has_user":false,"session_data_keys":["_token"],"session_school_id":null,"response_status":200,"db_connection":"mysql"}
{"timestamp":"2026-05-12 02:02:17","event":"response_ready","status":200,"uri":"\/login"}
{"timestamp":"2026-05-12 02:02:17","event":"debug_auth_session","uri":"\/login","session_id":"CLZBnEOXd6i86wN05yzYATNXbrId8UcmjD4KkcSB","db_connection":"mysql","raw_session_found":true,"raw_user_id":null,"session_user_id":null,"auth_check":null,"auth_check_role":null}
{"timestamp":"2026-05-12 02:02:17","event":"request_start","host":"localhost","uri":"\/login","session_school_id":null,"user_id":null,"user_role":null}
{"timestamp":"2026-05-12 02:02:17","event":"url_generation_exception","exception_message":"Missing required parameter for [Route: teacher.dashboard] [URI: teacher\/dashboard] [Missing parameter: school].","uri":"\/login","host":"localhost","session_school_id":2}
{"timestamp":"2026-05-12 02:02:17","event":"debug_session_save","uri":"\/login","session_id":"mMR52RGKXSFoKBjf02GAWZdFrRUeX2MHIQ8d888I","session_has_user":false,"session_data_keys":["_token","_previous","_flash","login_web_59ba36addc2b2f9401580f014c7f58ea4e30989d","school_id"],"session_school_id":2,"response_status":500,"db_connection":"mysql"}
{"timestamp":"2026-05-12 02:02:17","event":"response_ready","status":500,"uri":"\/login"}
{"timestamp":"2026-05-12 02:02:22","event":"debug_auth_session","uri":"\/login","session_id":"R0RoBKanbTnA9XjBJuTWzO0FbQqK50Z51VY0Ydfd","db_connection":"mysql","raw_session_found":false,"raw_user_id":null,"session_user_id":null,"auth_check":null,"auth_check_role":null}
{"timestamp":"2026-05-12 02:02:22","event":"request_start","host":"localhost","uri":"\/login","session_school_id":null,"user_id":null,"user_role":null}
{"timestamp":"2026-05-12 02:02:22","event":"debug_session_save","uri":"\/login","session_id":"R0RoBKanbTnA9XjBJuTWzO0FbQqK50Z51VY0Ydfd","session_has_user":false,"session_data_keys":["_token"],"session_school_id":null,"response_status":200,"db_connection":"mysql"}
{"timestamp":"2026-05-12 02:02:22","event":"response_ready","status":200,"uri":"\/login"}
{"timestamp":"2026-05-12 02:02:31","event":"debug_auth_session","uri":"\/login","session_id":"TWYWCYxFdJZzSy32qIvf5zXfosto0wbQXt9PnOQH","db_connection":"mysql","raw_session_found":false,"raw_user_id":null,"session_user_id":null,"auth_check":null,"auth_check_role":null}
{"timestamp":"2026-05-12 02:02:31","event":"request_start","host":"localhost","uri":"\/login","session_school_id":null,"user_id":null,"user_role":null}
{"timestamp":"2026-05-12 02:02:31","event":"debug_session_save","uri":"\/login","session_id":"TWYWCYxFdJZzSy32qIvf5zXfosto0wbQXt9PnOQH","session_has_user":false,"session_data_keys":["_token"],"session_school_id":null,"response_status":200,"db_connection":"mysql"}
{"timestamp":"2026-05-12 02:02:31","event":"response_ready","status":200,"uri":"\/login"}
{"timestamp":"2026-05-12 02:02:31","event":"debug_auth_session","uri":"\/login","session_id":"TWYWCYxFdJZzSy32qIvf5zXfosto0wbQXt9PnOQH","db_connection":"mysql","raw_session_found":true,"raw_user_id":null,"session_user_id":null,"auth_check":null,"auth_check_role":null}
{"timestamp":"2026-05-12 02:02:31","event":"request_start","host":"localhost","uri":"\/login","session_school_id":null,"user_id":null,"user_role":null}
{"timestamp":"2026-05-12 02:02:31","event":"url_generation_exception","exception_message":"Missing required parameter for [Route: teacher.dashboard] [URI: teacher\/dashboard] [Missing parameter: school].","uri":"\/login","host":"localhost","session_school_id":2}
{"timestamp":"2026-05-12 02:02:31","event":"debug_session_save","uri":"\/login","session_id":"gKz5g2zzuF9LfOFBGLbcXGU3lf1TCpWYkosjSjtG","session_has_user":false,"session_data_keys":["_token","_previous","_flash","login_web_59ba36addc2b2f9401580f014c7f58ea4e30989d","school_id"],"session_school_id":2,"response_status":500,"db_connection":"mysql"}
{"timestamp":"2026-05-12 02:02:31","event":"response_ready","status":500,"uri":"\/login"}
{"timestamp":"2026-05-12 02:37:37","event":"url_defaults_set","school_slug":"defaultschool","defaults":{"school":"defaultschool"},"uri":"\/login"}
{"timestamp":"2026-05-12 02:37:37","event":"request_start","host":"localhost","uri":"\/login","session_school_id":null,"user_id":null,"user_role":null}
{"timestamp":"2026-05-12 02:37:37","event":"response_ready","status":200,"uri":"\/login"}
{"timestamp":"2026-05-12 02:38:14","event":"url_defaults_set","school_slug":"defaultschool","defaults":{"school":"defaultschool"},"uri":"\/login"}
{"timestamp":"2026-05-12 02:38:14","event":"request_start","host":"localhost","uri":"\/login","session_school_id":null,"user_id":null,"user_role":null}
{"timestamp":"2026-05-12 02:38:14","event":"response_ready","status":200,"uri":"\/login"}
{"timestamp":"2026-05-12 02:38:14","event":"url_defaults_set","school_slug":"defaultschool","defaults":{"school":"defaultschool"},"uri":"\/login"}
{"timestamp":"2026-05-12 02:38:14","event":"request_start","host":"localhost","uri":"\/login","session_school_id":null,"user_id":null,"user_role":null}
{"timestamp":"2026-05-12 02:38:14","event":"response_ready","status":302,"uri":"\/login"}
{"timestamp":"2026-05-12 02:38:30","event":"url_defaults_set","school_slug":"defaultschool","defaults":{"school":"defaultschool"},"uri":"\/login"}
{"timestamp":"2026-05-12 02:38:30","event":"request_start","host":"localhost","uri":"\/login","session_school_id":null,"user_id":null,"user_role":null}
{"timestamp":"2026-05-12 02:38:30","event":"response_ready","status":200,"uri":"\/login"}
{"timestamp":"2026-05-12 02:38:30","event":"url_defaults_set","school_slug":"defaultschool","defaults":{"school":"defaultschool"},"uri":"\/login"}
{"timestamp":"2026-05-12 02:38:30","event":"request_start","host":"localhost","uri":"\/login","session_school_id":null,"user_id":null,"user_role":null}
{"timestamp":"2026-05-12 02:38:30","event":"response_ready","status":302,"uri":"\/login"}
{"timestamp":"2026-05-12 02:39:07","event":"url_defaults_set","school_slug":"defaultschool","defaults":{"school":"defaultschool"},"uri":"\/login"}
{"timestamp":"2026-05-12 02:39:07","event":"request_start","host":"localhost","uri":"\/login","session_school_id":null,"user_id":null,"user_role":null}
{"timestamp":"2026-05-12 02:39:07","event":"response_ready","status":200,"uri":"\/login"}
{"timestamp":"2026-05-12 02:39:07","event":"url_defaults_set","school_slug":"defaultschool","defaults":{"school":"defaultschool"},"uri":"\/login"}
{"timestamp":"2026-05-12 02:39:07","event":"request_start","host":"localhost","uri":"\/login","session_school_id":null,"user_id":null,"user_role":null}
{"timestamp":"2026-05-12 02:39:07","event":"response_ready","status":302,"uri":"\/login"}
{"timestamp":"2026-05-12 02:41:04","event":"url_defaults_set","school_slug":"defaultschool","defaults":{"school":"defaultschool"},"uri":"\/login"}
{"timestamp":"2026-05-12 02:41:04","event":"request_start","host":"localhost","uri":"\/login","session_school_id":null,"user_id":null,"user_role":null}
{"timestamp":"2026-05-12 02:41:04","event":"response_ready","status":200,"uri":"\/login"}
{"timestamp":"2026-05-12 02:41:04","event":"url_defaults_set","school_slug":"defaultschool","defaults":{"school":"defaultschool"},"uri":"\/login"}
{"timestamp":"2026-05-12 02:41:04","event":"request_start","host":"localhost","uri":"\/login","session_school_id":null,"user_id":null,"user_role":null}
{"timestamp":"2026-05-12 02:41:04","event":"response_ready","status":302,"uri":"\/login"}
{"timestamp":"2026-05-12 02:42:55","event":"url_defaults_set","school_slug":"defaultschool","defaults":{"school":"defaultschool"},"uri":"\/login"}
{"timestamp":"2026-05-12 02:42:55","event":"request_start","host":"localhost","uri":"\/login","session_school_id":null,"user_id":null,"user_role":null}
{"timestamp":"2026-05-12 02:42:55","event":"response_ready","status":200,"uri":"\/login"}
{"timestamp":"2026-05-12 02:42:55","event":"url_defaults_set","school_slug":"defaultschool","defaults":{"school":"defaultschool"},"uri":"\/login"}
{"timestamp":"2026-05-12 02:42:55","event":"request_start","host":"localhost","uri":"\/login","session_school_id":null,"user_id":null,"user_role":null}
{"timestamp":"2026-05-12 02:42:56","event":"response_ready","status":302,"uri":"\/login"}
{"timestamp":"2026-05-12 02:47:38","event":"url_defaults_set","school_slug":"defaultschool","defaults":{"school":"defaultschool"},"uri":"\/login"}
{"timestamp":"2026-05-12 02:47:38","event":"url_defaults_set","school_slug":"defaultschool","defaults":{"school":"defaultschool"},"uri":"\/login"}
{"timestamp":"2026-05-12 02:50:43","event":"url_defaults_set","school_slug":"defaultschool","defaults":{"school":"defaultschool"},"uri":"\/login"}
{"timestamp":"2026-05-12 02:50:43","event":"url_defaults_set","school_slug":"defaultschool","defaults":{"school":"defaultschool"},"uri":"\/login"}
{"timestamp":"2026-05-12 02:52:23","event":"url_defaults_set","school_slug":"bangrak","defaults":{"school":"bangrak"},"uri":"\/"}
{"timestamp":"2026-05-12 02:52:23","event":"url_defaults_set","school_slug":"bangrak","defaults":{"school":"bangrak"},"uri":"\/test-url"}
{"timestamp":"2026-05-12 02:52:41","event":"url_defaults_set","school_slug":"defaultschool","defaults":{"school":"defaultschool"},"uri":"\/login"}
{"timestamp":"2026-05-12 02:52:41","event":"url_defaults_set","school_slug":"defaultschool","defaults":{"school":"defaultschool"},"uri":"\/login"}
{"timestamp":"2026-05-12 02:52:41","event":"url_defaults_set","school_slug":"bangrak","defaults":{"school":"bangrak"},"uri":"\/test-url"}
{"timestamp":"2026-05-12 02:53:15","event":"url_defaults_set","school_slug":"defaultschool","defaults":{"school":"defaultschool"},"uri":"\/login"}
{"timestamp":"2026-05-12 02:53:15","event":"url_defaults_set","school_slug":"defaultschool","defaults":{"school":"defaultschool"},"uri":"\/login"}
{"timestamp":"2026-05-12 02:53:33","event":"url_defaults_set","school_slug":"defaultschool","defaults":{"school":"defaultschool"},"uri":"\/login"}
{"timestamp":"2026-05-12 02:53:33","event":"url_defaults_set","school_slug":"defaultschool","defaults":{"school":"defaultschool"},"uri":"\/login"}
{"timestamp":"2026-05-12 02:53:34","event":"url_defaults_set","school_slug":"bangrak","defaults":{"school":"bangrak"},"uri":"\/test-url"}
{"timestamp":"2026-05-12 02:53:45","event":"url_defaults_set","school_slug":"defaultschool","defaults":{"school":"defaultschool"},"uri":"\/login"}
{"timestamp":"2026-05-12 02:53:45","event":"url_defaults_set","school_slug":"defaultschool","defaults":{"school":"defaultschool"},"uri":"\/login"}
{"timestamp":"2026-05-12 02:53:45","event":"url_defaults_set","school_slug":"bangrak","defaults":{"school":"bangrak"},"uri":"\/test-url"}
{"timestamp":"2026-05-12 02:54:23","event":"url_defaults_set","school_slug":"defaultschool","defaults":{"school":"defaultschool"},"uri":"\/login"}
{"timestamp":"2026-05-12 02:54:23","event":"url_defaults_set","school_slug":"defaultschool","defaults":{"school":"defaultschool"},"uri":"\/login"}
{"timestamp":"2026-05-12 02:54:23","event":"url_defaults_set","school_slug":"bangrak","defaults":{"school":"bangrak"},"uri":"\/test-url"}
{"timestamp":"2026-05-12 02:54:23","event":"url_defaults_set","school_slug":"bangrak","defaults":{"school":"bangrak"},"uri":"\/test-url"}
{"timestamp":"2026-05-12 02:54:41","event":"url_defaults_set","school_slug":"defaultschool","defaults":{"school":"defaultschool"},"uri":"\/login"}
{"timestamp":"2026-05-12 02:54:41","event":"url_defaults_set","school_slug":"defaultschool","defaults":{"school":"defaultschool"},"uri":"\/login"}
{"timestamp":"2026-05-12 02:54:41","event":"url_defaults_set","school_slug":"bangrak","defaults":{"school":"bangrak"},"uri":"\/teacher\/dashboard"}
{"timestamp":"2026-05-12 02:54:41","event":"url_defaults_set","school_slug":"defaultschool","defaults":{"school":"defaultschool"},"uri":"\/login"}
{"timestamp":"2026-05-12 02:54:41","event":"url_defaults_set","school_slug":"defaultschool","defaults":{"school":"defaultschool"},"uri":"\/login"}
{"timestamp":"2026-05-12 02:55:13","event":"url_defaults_set","school_slug":"defaultschool","defaults":{"school":"defaultschool"},"uri":"\/login"}
{"timestamp":"2026-05-12 02:55:13","event":"url_defaults_set","school_slug":"defaultschool","defaults":{"school":"defaultschool"},"uri":"\/login"}
{"timestamp":"2026-05-12 02:55:13","event":"url_defaults_set","school_slug":"bangrak","defaults":{"school":"bangrak"},"uri":"\/teacher\/dashboard"}
{"timestamp":"2026-05-12 02:55:39","event":"url_defaults_set","school_slug":"defaultschool","defaults":{"school":"defaultschool"},"uri":"\/login"}
{"timestamp":"2026-05-12 02:55:39","event":"url_defaults_set","school_slug":"defaultschool","defaults":{"school":"defaultschool"},"uri":"\/login"}
{"timestamp":"2026-05-12 02:55:40","event":"url_defaults_set","school_slug":"bangrak","defaults":{"school":"bangrak"},"uri":"\/teacher\/dashboard"}
{"timestamp":"2026-05-12 02:55:40","event":"url_defaults_set","school_slug":"defaultschool","defaults":{"school":"defaultschool"},"uri":"\/login"}
{"timestamp":"2026-05-12 02:55:40","event":"url_defaults_set","school_slug":"defaultschool","defaults":{"school":"defaultschool"},"uri":"\/login"}
{"timestamp":"2026-05-12 02:55:40","event":"url_defaults_set","school_slug":"saraburi","defaults":{"school":"saraburi"},"uri":"\/teacher\/dashboard"}
{"timestamp":"2026-05-12 02:55:40","event":"url_defaults_set","school_slug":"defaultschool","defaults":{"school":"defaultschool"},"uri":"\/login"}
{"timestamp":"2026-05-12 02:55:40","event":"url_defaults_set","school_slug":"defaultschool","defaults":{"school":"defaultschool"},"uri":"\/login"}
{"timestamp":"2026-05-12 02:55:40","event":"url_defaults_set","school_slug":"defaultschool","defaults":{"school":"defaultschool"},"uri":"\/login"}
{"timestamp":"2026-05-12 02:55:40","event":"url_defaults_set","school_slug":"defaultschool","defaults":{"school":"defaultschool"},"uri":"\/login"}
{"timestamp":"2026-05-12 02:55:40","event":"url_defaults_set","school_slug":"bangrak","defaults":{"school":"bangrak"},"uri":"\/student\/dashboard"}
{"timestamp":"2026-05-12 02:55:40","event":"url_defaults_set","school_slug":"defaultschool","defaults":{"school":"defaultschool"},"uri":"\/login"}
{"timestamp":"2026-05-12 02:55:40","event":"url_defaults_set","school_slug":"defaultschool","defaults":{"school":"defaultschool"},"uri":"\/login"}
{"timestamp":"2026-05-12 02:55:41","event":"url_defaults_set","school_slug":"bangrak","defaults":{"school":"bangrak"},"uri":"\/parent\/dashboard"}
{"timestamp":"2026-05-12 02:56:02","event":"url_defaults_set","school_slug":"defaultschool","defaults":{"school":"defaultschool"},"uri":"\/login"}
{"timestamp":"2026-05-12 02:56:02","event":"url_defaults_set","school_slug":"defaultschool","defaults":{"school":"defaultschool"},"uri":"\/login"}
{"timestamp":"2026-05-12 02:56:02","event":"url_defaults_set","school_slug":"bangrak","defaults":{"school":"bangrak"},"uri":"\/school-admin\/dashboard"}
